\BOOKMARK [1][-]{toc1.1}{\376\377\000C\000o\000n\000t\000e\000n\000t\000s}{}% 1
\BOOKMARK [1][-]{section.1}{\376\377\0001\000\040\000M\000o\000t\000i\000v\000a\000t\000i\000o\000n}{}% 2
\BOOKMARK [1][-]{section.2}{\376\377\0002\000\040\000B\000a\000s\000i\000c\000\040\000u\000s\000a\000g\000e}{}% 3
\BOOKMARK [2][-]{subsection.2.1}{\376\377\0002\000.\0001\000\040\000S\000t\000a\000n\000d\000a\000r\000d\000\040\000d\000i\000c\000e}{section.2}% 4
\BOOKMARK [2][-]{subsection.2.2}{\376\377\0002\000.\0002\000\040\000B\000i\000g\000\040\000d\000o\000t\000\040\000d\000i\000c\000e}{section.2}% 5
\BOOKMARK [2][-]{subsection.2.3}{\376\377\0002\000.\0003\000\040\000T\000e\000x\000t\000\040\000o\000n\000\040\000d\000i\000c\000e}{section.2}% 6
\BOOKMARK [2][-]{subsection.2.4}{\376\377\0002\000.\0004\000\040\000L\000a\000y\000o\000u\000t\000\040\000d\000i\000c\000e}{section.2}% 7
\BOOKMARK [2][-]{subsection.2.5}{\376\377\0002\000.\0005\000\040\000C\000o\000l\000o\000u\000r}{section.2}% 8
\BOOKMARK [2][-]{subsection.2.6}{\376\377\0002\000.\0006\000\040\000S\000i\000z\000e}{section.2}% 9
\BOOKMARK [1][-]{section.3}{\376\377\0003\000\040\000A\000d\000v\000a\000n\000c\000e\000d\000\040\000u\000s\000a\000g\000e\000\040\000n\000o\000t\000e\000s}{}% 10
\BOOKMARK [2][-]{subsection.3.1}{\376\377\0003\000.\0001\000\040\000D\000e\000p\000e\000n\000d\000e\000n\000c\000i\000e\000s}{section.3}% 11
\BOOKMARK [2][-]{subsection.3.2}{\376\377\0003\000.\0002\000\040\000R\000o\000t\000a\000t\000e\000d\000\040\000t\000e\000x\000t}{section.3}% 12
\BOOKMARK [2][-]{subsection.3.3}{\376\377\0003\000.\0003\000\040\000S\000i\000z\000e}{section.3}% 13
\BOOKMARK [3][-]{subsubsection.3.3.1}{\376\377\0003\000.\0003\000.\0001\000\040\000S\000i\000z\000e\000\040\000a\000n\000d\000\040\000i\000n\000l\000i\000n\000e\000\040\000d\000i\000s\000p\000l\000a\000y}{subsection.3.3}% 14
\BOOKMARK [3][-]{subsubsection.3.3.2}{\376\377\0003\000.\0003\000.\0002\000\040\000C\000h\000a\000n\000g\000i\000n\000g\000\040\000t\000h\000e\000\040\000b\000a\000s\000i\000c\000\040\000s\000i\000z\000e}{subsection.3.3}% 15
\BOOKMARK [3][-]{subsubsection.3.3.3}{\376\377\0003\000.\0003\000.\0003\000\040\000C\000h\000a\000n\000g\000i\000n\000g\000\040\000a\000l\000l\000\040\000t\000h\000e\000\040\000s\000i\000z\000e\000s}{subsection.3.3}% 16
\BOOKMARK [3][-]{subsubsection.3.3.4}{\376\377\0003\000.\0003\000.\0004\000\040\000T\000e\000x\000t\000\040\000d\000o\000e\000s\000n\000'\000t\000\040\000f\000i\000t\000?}{subsection.3.3}% 17
\BOOKMARK [2][-]{subsection.3.4}{\376\377\0003\000.\0004\000\040\000B\000o\000r\000d\000e\000r\000\040\000c\000o\000l\000o\000u\000r}{section.3}% 18
\BOOKMARK [2][-]{subsection.3.5}{\376\377\0003\000.\0005\000\040\000A\000r\000b\000i\000t\000r\000a\000r\000y\000\040\000d\000r\000a\000w\000i\000n\000g\000\040\000o\000n\000\040\000d\000i\000c\000e\000\040\000f\000a\000c\000e\000s}{section.3}% 19
\BOOKMARK [1][-]{section.4}{\376\377\0004\000\040\000I\000s\000\040\000i\000t\000\040\000`\000d\000i\000e\000'\000\040\000o\000r\000\040\000`\000d\000i\000c\000e\000'\000?}{}% 20
